[debug] > Exec(;reload; set _root_.org.jetbrains.sbt.StructureKeys.sbtStructureOptions in Global := "download resolveClassifiers" ;preferScala2;*/*:dumpStructureTo C:/Users/abdir/AppData/Local/Temp/sbt-structure.xml; session clear-all ; set ideaPort in Global := 49723, None, None)
[debug] > Exec(reload, None, None)
[debug] > Exec(sbtStashOnFailure, None, None)
[debug] > Exec(onFailure loadFailed, None, None)
[debug] > Exec(loadp, None, None)
[info] welcome to sbt 1.8.2 (Eclipse Adoptium Java 17.0.6)
[debug]       Load.loadUnit: plugins took 48.6268ms
[debug]       Load.loadUnit: defsScala took 0.0067ms
[debug] [Loading] Scanning directory C:\Users\abdir\.sbt\1.0\plugins
[debug] [Loading] Found non-root projects 
[debug] [Loading] Done in C:\Users\abdir\.sbt\1.0\plugins, returning: ()
[debug] deducing auto plugins based on known facts Set(Atom(sbt.plugins.CorePlugin)) and clauses Clauses(Clause(Atom(sbt.plugins.JvmPlugin),Set(Atom(sbt.plugins.IvyPlugin)))
[debug] Clause(Atom(sbt.ScriptedPlugin),Set(Atom(sbt.plugins.JvmPlugin)))
[debug] Clause(Atom(sbt.plugins.SbtPlugin),Set(Atom(sbt.ScriptedPlugin)))
[debug] Clause(Atom(sbt.plugins.SemanticdbPlugin),Set(Atom(sbt.plugins.JvmPlugin)))
[debug] Clause(Atom(sbt.plugins.JUnitXmlReportPlugin),Set(Atom(sbt.plugins.JvmPlugin)))
[debug] Clause(Atom(sbt.plugins.MiniDependencyTreePlugin),Set(Atom(sbt.plugins.JvmPlugin)))
[debug] Clause(Atom(sbt.plugins.CorePlugin),Set(Atom(sbt.plugins.IvyPlugin)))
[debug] Clause(Atom(sbt.plugins.IvyPlugin),Set(Atom(sbt.plugins.JvmPlugin)))
[debug] Clause(Atom(sbt.plugins.JvmPlugin),Set(Atom(sbt.plugins.SemanticdbPlugin)))
[debug] Clause(Atom(sbt.plugins.JvmPlugin),Set(Atom(sbt.plugins.JUnitXmlReportPlugin)))
[debug] Clause(Atom(sbt.plugins.CorePlugin),Set(Atom(sbt.plugins.Giter8TemplatePlugin)))
[debug] Clause(Atom(sbt.plugins.JvmPlugin),Set(Atom(sbt.plugins.MiniDependencyTreePlugin))))
[debug]   :: deduced result: Matched(sbt.plugins.CorePlugin,sbt.plugins.Giter8TemplatePlugin,sbt.plugins.IvyPlugin,sbt.plugins.JvmPlugin,sbt.plugins.MiniDependencyTreePlugin,sbt.plugins.JUnitXmlReportPlugin,sbt.plugins.SemanticdbPlugin)
[debug] Plugins.deducer#function took 4.2268 ms
[debug]           Load.resolveProject(global-plugins) took 1.1302ms
[debug]         Load.loadTransitive: finalizeProject(Project(id global-plugins, base: C:\Users\abdir\.sbt\1.0\plugins, plugins: List(<none>))) took 5.8017ms
[debug] [Loading] Done in C:\Users\abdir\.sbt\1.0\plugins, returning: (global-plugins)
[debug]       Load.loadUnit: loadedProjectsRaw took 7.1337ms
[debug]       Load.loadUnit: cleanEvalClasses took 0.0293ms
[debug]     Load.loadUnit(file:/C:/Users/abdir/.sbt/1.0/plugins/, ...) took 57.6178ms
[debug]   Load.apply: load took 59.1242ms
[debug]   Load.apply: resolveProjects took 0.1022ms
[debug]   Load.apply: finalTransforms took 27.1931ms
[debug]   Load.apply: config.delegates took 0.2376ms
[debug]   Load.apply: Def.make(settings)... took 88.5121ms
[debug]   Load.apply: structureIndex took 20.1268ms
[debug]   Load.apply: mkStreams took 0.002ms
[info] loading global plugins from C:\Users\abdir\.sbt\1.0\plugins
[debug] Running task... Cancel: Signal, check cycles: false, forcegc: true
[debug] Load.defaultLoad until apply took 657.8726ms
[debug]           Load.loadUnit: plugins took 31.7754ms
[debug]           Load.loadUnit: defsScala took 0.0031ms
[debug] [Loading] Scanning directory C:\Users\abdir\Documents\OS2-PROJECT\weather dashboard\project
[debug]             Load.loadUnit: mkEval took 0.4058ms
[debug] [Loading] Found non-root projects 
[debug] [Loading] Done in C:\Users\abdir\Documents\OS2-PROJECT\weather dashboard\project, returning: ()
[debug] deducing auto plugins based on known facts Set(Atom(sbt.plugins.CorePlugin)) and clauses Clauses(Clause(Atom(sbt.plugins.JvmPlugin),Set(Atom(sbt.plugins.IvyPlugin)))
[debug] Clause(Atom(sbt.ScriptedPlugin),Set(Atom(sbt.plugins.JvmPlugin)))
[debug] Clause(Atom(sbt.plugins.SbtPlugin),Set(Atom(sbt.ScriptedPlugin)))
[debug] Clause(Atom(sbt.plugins.SemanticdbPlugin),Set(Atom(sbt.plugins.JvmPlugin)))
[debug] Clause(Atom(sbt.plugins.JUnitXmlReportPlugin),Set(Atom(sbt.plugins.JvmPlugin)))
[debug] Clause(Atom(sbt.plugins.MiniDependencyTreePlugin),Set(Atom(sbt.plugins.JvmPlugin)))
[debug] Clause(Atom(sbt.plugins.CorePlugin),Set(Atom(sbt.plugins.IvyPlugin)))
[debug] Clause(Atom(sbt.plugins.IvyPlugin),Set(Atom(sbt.plugins.JvmPlugin)))
[debug] Clause(Atom(sbt.plugins.JvmPlugin),Set(Atom(sbt.plugins.SemanticdbPlugin)))
[debug] Clause(Atom(sbt.plugins.JvmPlugin),Set(Atom(sbt.plugins.JUnitXmlReportPlugin)))
[debug] Clause(Atom(sbt.plugins.CorePlugin),Set(Atom(sbt.plugins.Giter8TemplatePlugin)))
[debug] Clause(Atom(sbt.plugins.JvmPlugin),Set(Atom(sbt.plugins.MiniDependencyTreePlugin))))
[debug]   :: deduced result: Matched(sbt.plugins.CorePlugin,sbt.plugins.Giter8TemplatePlugin,sbt.plugins.IvyPlugin,sbt.plugins.JvmPlugin,sbt.plugins.MiniDependencyTreePlugin,sbt.plugins.JUnitXmlReportPlugin,sbt.plugins.SemanticdbPlugin)
[debug] Plugins.deducer#function took 3.8937 ms
[info] loading settings for project weather-dashboard-build from idea.sbt ...
[debug]               Load.resolveProject(weather-dashboard-build) took 3.0999ms
[debug]             Load.loadTransitive: finalizeProject(Project(id weather-dashboard-build, base: C:\Users\abdir\Documents\OS2-PROJECT\weather dashboard\project, plugins: List(<none>))) took 7.4657ms
[debug] [Loading] Done in C:\Users\abdir\Documents\OS2-PROJECT\weather dashboard\project, returning: (weather-dashboard-build)
[debug]           Load.loadUnit: loadedProjectsRaw took 30.3555ms
[debug]           Load.loadUnit: cleanEvalClasses took 4.8405ms
[debug]         Load.loadUnit(file:/C:/Users/abdir/Documents/OS2-PROJECT/weather%20dashboard/project/, ...) took 67.9666ms
[debug]       Load.apply: load took 70.8412ms
[debug]       Load.apply: resolveProjects took 0.093ms
[debug]       Load.apply: finalTransforms took 6.6787ms
[debug]       Load.apply: config.delegates took 0.2475ms
[debug]       Load.apply: Def.make(settings)... took 60.1938ms
[debug]       Load.apply: structureIndex took 44.5968ms
[debug]       Load.apply: mkStreams took 0.0022ms
[info] loading project definition from C:\Users\abdir\Documents\OS2-PROJECT\weather dashboard\project
[debug] Running task... Cancel: Signal, check cycles: false, forcegc: true
[debug]     Load.loadUnit: plugins took 469.5053ms
[debug]     Load.loadUnit: defsScala took 0.0044ms
[debug] [Loading] Scanning directory C:\Users\abdir\Documents\OS2-PROJECT\weather dashboard
[debug]       Load.loadUnit: mkEval took 0.3875ms
[debug] [Loading] Found root project root w/ remaining 
[debug] deducing auto plugins based on known facts Set(Atom(sbt.plugins.CorePlugin)) and clauses Clauses(Clause(Atom(sbt.plugins.JvmPlugin),Set(Atom(sbt.plugins.IvyPlugin)))
[debug] Clause(Atom(sbt.ScriptedPlugin),Set(Atom(sbt.plugins.JvmPlugin)))
[debug] Clause(Atom(sbt.plugins.SbtPlugin),Set(Atom(sbt.ScriptedPlugin)))
[debug] Clause(Atom(sbt.plugins.SemanticdbPlugin),Set(Atom(sbt.plugins.JvmPlugin)))
[debug] Clause(Atom(sbt.plugins.JUnitXmlReportPlugin),Set(Atom(sbt.plugins.JvmPlugin)))
[debug] Clause(Atom(sbt.plugins.MiniDependencyTreePlugin),Set(Atom(sbt.plugins.JvmPlugin)))
[debug] Clause(Atom(org.jetbrains.sbt.StructurePlugin),Set(Atom(sbt.plugins.JvmPlugin)))
[debug] Clause(Atom(org.jetbrains.sbt.IdeaShellPlugin),Set(Atom(sbt.plugins.JvmPlugin)))
[debug] Clause(Atom(org.jetbrains.sbt.indices.SbtIntellijIndicesPlugin),Set(Atom(sbt.plugins.JvmPlugin)))
[debug] Clause(Atom(sbt.plugins.CorePlugin),Set(Atom(sbt.plugins.IvyPlugin)))
[debug] Clause(Atom(sbt.plugins.IvyPlugin),Set(Atom(sbt.plugins.JvmPlugin)))
[debug] Clause(Atom(sbt.plugins.JvmPlugin),Set(Atom(sbt.plugins.SemanticdbPlugin)))
[debug] Clause(Atom(sbt.plugins.JvmPlugin),Set(Atom(sbt.plugins.JUnitXmlReportPlugin)))
[debug] Clause(Atom(sbt.plugins.CorePlugin),Set(Atom(sbt.plugins.Giter8TemplatePlugin)))
[debug] Clause(Atom(sbt.plugins.JvmPlugin),Set(Atom(sbt.plugins.MiniDependencyTreePlugin)))
[debug] Clause(Atom(sbt.plugins.JvmPlugin),Set(Atom(org.jetbrains.sbt.StructurePlugin)))
[debug] Clause(Atom(sbt.plugins.JvmPlugin),Set(Atom(org.jetbrains.sbt.IdeaShellPlugin)))
[debug] Clause(And(Set(Atom(sbt.plugins.CorePlugin), Atom(sbt.plugins.JvmPlugin))),Set(Atom(org.jetbrains.sbt.indices.SbtIntellijIndicesPlugin))))
[debug]   :: deduced result: Matched(sbt.plugins.CorePlugin,sbt.plugins.Giter8TemplatePlugin,sbt.plugins.IvyPlugin,sbt.plugins.JvmPlugin,sbt.plugins.SemanticdbPlugin,org.jetbrains.sbt.indices.SbtIntellijIndicesPlugin,sbt.plugins.JUnitXmlReportPlugin,org.jetbrains.sbt.IdeaShellPlugin,org.jetbrains.sbt.StructurePlugin,sbt.plugins.MiniDependencyTreePlugin)
[debug] Plugins.deducer#function took 1.3962 ms
[info] loading settings for project root from build.sbt ...
[debug]         Load.resolveProject(root) took 33.9113ms
[debug]       Load.loadTransitive: finalizeProject(Project(id root, base: C:\Users\abdir\Documents\OS2-PROJECT\weather dashboard, plugins: List(<none>))) took 35.7843ms
[debug] [Loading] Done in C:\Users\abdir\Documents\OS2-PROJECT\weather dashboard, returning: (root)
[debug]     Load.loadUnit: loadedProjectsRaw took 1063.6987ms
[debug]     Load.loadUnit: cleanEvalClasses took 20.596ms
[debug]   Load.loadUnit(file:/C:/Users/abdir/Documents/OS2-PROJECT/weather%20dashboard/, ...) took 1554.6737ms
[debug] Load.apply: load took 1556.3743ms
[debug] Load.apply: resolveProjects took 0.0877ms
[debug] Load.apply: finalTransforms took 17.6862ms
[debug] Load.apply: config.delegates took 0.2406ms
[debug] Load.apply: Def.make(settings)... took 75.4042ms
[debug] Load.apply: structureIndex took 18.1727ms
[debug] Load.apply: mkStreams took 0.0025ms
[warn] Discarding 1 session setting.  Use 'session save' to persist session settings.
[info] set current project to weather dashboard (in build file:/C:/Users/abdir/Documents/OS2-PROJECT/weather%20dashboard/)
[debug] > Exec(sbtPopOnFailure, None, None)
[debug] > Exec(resumeFromFailure, None, None)
[debug] > Exec(set _root_.org.jetbrains.sbt.StructureKeys.sbtStructureOptions in Global := "download resolveClassifiers", None, None)
[info] Defining Global / sbtStructureOptions
[info] The new value will be used by Global / ssOptions
[debug] Defining 
[debug] 	Global / sbtStructureOptions
[debug] 
[debug] The new value will be used by 
[debug] 	Global / ssOptions
[info] Reapplying settings...
[info] set current project to weather dashboard (in build file:/C:/Users/abdir/Documents/OS2-PROJECT/weather%20dashboard/)
[debug] > Exec(preferScala2, None, None)
[debug] > Exec(*/*:dumpStructureTo C:/Users/abdir/AppData/Local/Temp/sbt-structure.xml, None, None)
[debug] Evaluating tasks: Global / dumpStructureTo
[warn] sbt 0.13 shell syntax is deprecated; use slash syntax instead: Global / dumpStructureTo
[debug] Running task... Cancel: Signal, check cycles: false, forcegc: true
[info] Writing structure to C:\Users\abdir\AppData\Local\Temp\sbt-structure.xml...
[info] Done.
[success] Total time: 4 s, completed 22 Apr 2023, 20:54:42
[debug] > Exec(session clear-all, None, None)
[info] Reapplying settings...
[info] set current project to weather dashboard (in build file:/C:/Users/abdir/Documents/OS2-PROJECT/weather%20dashboard/)
[debug] > Exec(set ideaPort in Global := 49723, None, None)
[info] Defining Global / ideaPort
[info] The new value will be used by Compile / compile, Test / compile
[debug] Defining 
[debug] 	Global / ideaPort
[debug] 
[debug] The new value will be used by 
[debug] 	Compile / compile
[debug] 	Test / compile
[info] Reapplying settings...
[info] set current project to weather dashboard (in build file:/C:/Users/abdir/Documents/OS2-PROJECT/weather%20dashboard/)
[debug] > Exec(idea-shell, None, None)
[debug] > Exec(, None, None)
[debug] > Exec(idea-shell, None, None)
